c:\迅雷下载\dsaqueue\dsaqueue\debug\dsaqueue.pch.codeanalysis
c:\迅雷下载\dsaqueue\dsaqueue\debug\vc140.pdb
c:\迅雷下载\dsaqueue\dsaqueue\debug\vc140.idb
c:\迅雷下载\dsaqueue\dsaqueue\debug\dsaqueue.pch.codeanalysisast
c:\迅雷下载\dsaqueue\dsaqueue\debug\stdafx.nativecodeanalysis.xml
c:\迅雷下载\dsaqueue\dsaqueue\debug\stdafx.obj
c:\迅雷下载\dsaqueue\dsaqueue\debug\dsaqueue.pch
c:\迅雷下载\dsaqueue\dsaqueue\debug\dsaqueue.nativecodeanalysis.xml
c:\迅雷下载\dsaqueue\dsaqueue\debug\dsaqueue.obj
c:\迅雷下载\dsaqueue\debug\dsaqueue.ilk
c:\迅雷下载\dsaqueue\debug\dsaqueue.exe
c:\迅雷下载\dsaqueue\debug\dsaqueue.pdb
c:\迅雷下载\dsaqueue\dsaqueue\debug\nativecodeanalysis.read.1.tlog
c:\迅雷下载\dsaqueue\dsaqueue\debug\vc.nativecodeanalysis.all.xml
c:\迅雷下载\dsaqueue\debug\dsaqueue.exe.lastcodeanalysissucceeded
c:\迅雷下载\dsaqueue\dsaqueue\debug\dsaqueue.tlog\cl.command.1.tlog
c:\迅雷下载\dsaqueue\dsaqueue\debug\dsaqueue.tlog\cl.read.1.tlog
c:\迅雷下载\dsaqueue\dsaqueue\debug\dsaqueue.tlog\cl.write.1.tlog
c:\迅雷下载\dsaqueue\dsaqueue\debug\dsaqueue.tlog\link.command.1.tlog
c:\迅雷下载\dsaqueue\dsaqueue\debug\dsaqueue.tlog\link.read.1.tlog
c:\迅雷下载\dsaqueue\dsaqueue\debug\dsaqueue.tlog\link.write.1.tlog
